JVM info: Oracle Corporation - 1.8.0_311 - 25.311-b11
java.net.preferIPv4Stack=true
Found java version 1.8.0_311
<html><a href='https://www.creeperhost.net/'>Data kindly mirrored by CreeperHost</a></html>
Extracting main jar:
  Extracted successfully
Considering minecraft server jar
  Downloading library from https://launcher.mojang.com/v1/objects/886945bfb2b978778c3a0288fd7fab09d315b25f/server.jar
    Download completed: Checksum validated.
Downloading libraries
Found 1 additional library directories
Considering library net.minecraftforge:forge:1.12.2-14.23.5.2855
  File exists: Checksum validated.
Considering library org.ow2.asm:asm-debug-all:5.2
  File exists: Checksum validated.
Considering library net.minecraft:launchwrapper:1.12
  File exists: Checksum validated.
Considering library org.jline:jline:3.5.1
  File exists: Checksum validated.
Considering library com.typesafe.akka:akka-actor_2.11:2.3.3
  File exists: Checksum validated.
Considering library com.typesafe:config:1.2.1
  File exists: Checksum validated.
Considering library org.scala-lang:scala-actors-migration_2.11:1.1.0
  File exists: Checksum validated.
Considering library org.scala-lang:scala-compiler:2.11.1
  File exists: Checksum validated.
Considering library org.scala-lang.plugins:scala-continuations-library_2.11:1.0.2_mc
  File exists: Checksum validated.
Considering library org.scala-lang.plugins:scala-continuations-plugin_2.11.1:1.0.2_mc
  File exists: Checksum validated.
Considering library org.scala-lang:scala-library:2.11.1
  File exists: Checksum validated.
Considering library org.scala-lang:scala-parser-combinators_2.11:1.0.1
  File exists: Checksum validated.
Considering library org.scala-lang:scala-reflect:2.11.1
  File exists: Checksum validated.
Considering library org.scala-lang:scala-swing_2.11:1.0.1
  File exists: Checksum validated.
Considering library org.scala-lang:scala-xml_2.11:1.0.2
  File exists: Checksum validated.
Considering library lzma:lzma:0.0.1
  File exists: Checksum validated.
Considering library java3d:vecmath:1.5.2
  File exists: Checksum validated.
Considering library net.sf.trove4j:trove4j:3.0.3
  File exists: Checksum validated.
Considering library org.apache.maven:maven-artifact:3.5.3
  File exists: Checksum validated.
Considering library net.sf.jopt-simple:jopt-simple:5.0.3
  File exists: Checksum validated.
Building Processors
Finished!
